<?xml version="1.0" encoding="UTF-8"?>
<!-- Generated by org.testng.reporters.JUnitReportReporter -->
<testsuite hostname="VCS-X6HRSOWYFCU" failures="0" tests="26" name="service.TransactionServiceTest" time="0.033" errors="1" timestamp="2025-10-05T03:24:43 IST" skipped="0">
  <testcase classname="service.TransactionServiceTest" name="checkSameAccountTransfer" time="0.001"/>
  <testcase classname="service.TransactionServiceTest" name="checkInvalidAmountException" time="0.001"/>
  <testcase classname="service.TransactionServiceTest" name="accountNotFound" time="0.001"/>
  <testcase classname="service.TransactionServiceTest" name="checkAccountNotFoundException" time="0.001"/>
  <testcase classname="service.TransactionServiceTest" name="checkingInsufficientFundsException" time="0.001"/>
  <testcase classname="service.TransactionServiceTest" name="checkDeposit" time="0.001"/>
  <testcase classname="service.TransactionServiceTest" name="checkwithdraw" time="0.000"/>
  <testcase classname="service.TransactionServiceTest" name="checktransfer" time="0.002"/>
  <testcase classname="service.TransactionServiceTest" name="checkdepositUsingDP" time="0.000"/>
  <testcase classname="service.TransactionServiceTest" name="checkdepositUsingDP" time="0.000"/>
  <testcase classname="service.TransactionServiceTest" name="checkdepositUsingDP" time="0.002"/>
  <testcase classname="service.TransactionServiceTest" name="checkdepositUsingDP" time="0.007"/>
  <testcase classname="service.TransactionServiceTest" name="checkdepositUsingDP" time="0.002"/>
  <testcase classname="service.TransactionServiceTest" name="checkdepositUsingDP" time="0.001"/>
  <testcase classname="service.TransactionServiceTest" name="checkwithdrawUsingDP" time="0.002">
    <error message="Insufficient Funds" type="exception.InsufficientFundsException">
      <![CDATA[exception.InsufficientFundsException: Insufficient Funds
at service.TransactionService.withdraw(TransactionService.java:49)
at service.TransactionServiceTest.checkwithdrawUsingDP(TransactionServiceTest.java:135)
at java.base/jdk.internal.reflect.NativeMethodAccessorImpl.invoke0(Native Method)
at java.base/jdk.internal.reflect.NativeMethodAccessorImpl.invoke(NativeMethodAccessorImpl.java:77)
at java.base/jdk.internal.reflect.DelegatingMethodAccessorImpl.invoke(DelegatingMethodAccessorImpl.java:43)
at java.base/java.lang.reflect.Method.invoke(Method.java:568)
at org.testng.internal.invokers.MethodInvocationHelper.invokeMethod(MethodInvocationHelper.java:139)
at org.testng.internal.invokers.TestInvoker.invokeMethod(TestInvoker.java:664)
at org.testng.internal.invokers.TestInvoker.invokeTestMethod(TestInvoker.java:227)
at org.testng.internal.invokers.MethodRunner.runInSequence(MethodRunner.java:50)
at org.testng.internal.invokers.TestInvoker$MethodInvocationAgent.invoke(TestInvoker.java:957)
at org.testng.internal.invokers.TestInvoker.invokeTestMethods(TestInvoker.java:200)
at org.testng.internal.invokers.TestMethodWorker.invokeTestMethods(TestMethodWorker.java:148)
at org.testng.internal.invokers.TestMethodWorker.run(TestMethodWorker.java:128)
at java.base/java.util.ArrayList.forEach(ArrayList.java:1511)
at org.testng.TestRunner.privateRun(TestRunner.java:848)
at org.testng.TestRunner.run(TestRunner.java:621)
at org.testng.SuiteRunner.runTest(SuiteRunner.java:443)
at org.testng.SuiteRunner.runSequentially(SuiteRunner.java:437)
at org.testng.SuiteRunner.privateRun(SuiteRunner.java:397)
at org.testng.SuiteRunner.run(SuiteRunner.java:336)
at org.testng.SuiteRunnerWorker.runSuite(SuiteRunnerWorker.java:52)
at org.testng.SuiteRunnerWorker.run(SuiteRunnerWorker.java:95)
at org.testng.TestNG.runSuitesSequentially(TestNG.java:1280)
at org.testng.TestNG.runSuitesLocally(TestNG.java:1200)
at org.testng.TestNG.runSuites(TestNG.java:1114)
at org.testng.TestNG.run(TestNG.java:1082)
at org.testng.remote.AbstractRemoteTestNG.run(AbstractRemoteTestNG.java:115)
at org.testng.remote.RemoteTestNG.initAndRun(RemoteTestNG.java:293)
at org.testng.remote.RemoteTestNG.main(RemoteTestNG.java:91)
]]>
    </error>
  </testcase> <!-- checkwithdrawUsingDP -->
  <testcase classname="service.TransactionServiceTest" name="checkwithdrawUsingDP" time="0.000"/>
  <testcase classname="service.TransactionServiceTest" name="checkwithdrawUsingDP" time="0.001"/>
  <testcase classname="service.TransactionServiceTest" name="checkwithdrawUsingDP" time="0.002"/>
  <testcase classname="service.TransactionServiceTest" name="checkwithdrawUsingDP" time="0.001"/>
  <testcase classname="service.TransactionServiceTest" name="checkwithdrawUsingDP" time="0.001"/>
  <testcase classname="service.TransactionServiceTest" name="checktransferUsingDP" time="0.002"/>
  <testcase classname="service.TransactionServiceTest" name="checktransferUsingDP" time="0.002"/>
  <testcase classname="service.TransactionServiceTest" name="checktransferUsingDP" time="0.001"/>
  <testcase classname="service.TransactionServiceTest" name="checktransferUsingDP" time="0.000"/>
  <testcase classname="service.TransactionServiceTest" name="checktransferUsingDP" time="0.000"/>
  <testcase classname="service.TransactionServiceTest" name="checktransferUsingDP" time="0.001"/>
</testsuite> <!-- service.TransactionServiceTest -->
